mode: atomic
agirunner-container-manager/internal/manager/dcm_containers.go:15.101,16.16 1 62
agirunner-container-manager/internal/manager/dcm_containers.go:16.16,18.3 1 29
agirunner-container-manager/internal/manager/dcm_containers.go:20.2,24.81 4 33
agirunner-container-manager/internal/manager/dcm_containers.go:24.81,28.3 3 1
agirunner-container-manager/internal/manager/dcm_containers.go:29.2,32.29 3 32
agirunner-container-manager/internal/manager/dcm_containers.go:32.29,35.17 3 45
agirunner-container-manager/internal/manager/dcm_containers.go:35.17,37.12 2 0
agirunner-container-manager/internal/manager/dcm_containers.go:39.3,39.44 1 45
agirunner-container-manager/internal/manager/dcm_containers.go:39.44,40.101 1 0
agirunner-container-manager/internal/manager/dcm_containers.go:40.101,43.5 1 0
agirunner-container-manager/internal/manager/dcm_containers.go:45.3,57.12 6 45
agirunner-container-manager/internal/manager/dcm_containers.go:59.2,59.16 1 32
agirunner-container-manager/internal/manager/dcm_containers.go:67.80,69.28 2 13
agirunner-container-manager/internal/manager/dcm_containers.go:69.28,71.3 1 2
agirunner-container-manager/internal/manager/dcm_containers.go:76.107,77.48 1 15
agirunner-container-manager/internal/manager/dcm_containers.go:77.48,78.51 1 2
agirunner-container-manager/internal/manager/dcm_containers.go:78.51,80.4 1 1
agirunner-container-manager/internal/manager/dcm_containers.go:81.3,81.33 1 1
agirunner-container-manager/internal/manager/dcm_containers.go:83.2,83.63 1 14
agirunner-container-manager/internal/manager/dcm_containers.go:83.63,87.3 2 3
agirunner-container-manager/internal/manager/dcm_containers.go:91.75,104.2 3 45
agirunner-container-manager/internal/manager/dcm_containers.go:107.97,116.2 1 45
agirunner-container-manager/internal/manager/dcm_containers.go:119.79,130.2 1 47
agirunner-container-manager/internal/manager/dcm_containers.go:133.110,135.18 2 55
agirunner-container-manager/internal/manager/dcm_containers.go:135.18,137.3 1 1
agirunner-container-manager/internal/manager/dcm_containers.go:138.2,139.31 2 55
agirunner-container-manager/internal/manager/dcm_containers.go:139.31,154.3 8 6
agirunner-container-manager/internal/manager/dcm_containers.go:155.2,155.18 1 55
agirunner-container-manager/internal/manager/dcm_containers.go:174.15,176.28 2 54
agirunner-container-manager/internal/manager/dcm_containers.go:176.28,179.29 2 9
agirunner-container-manager/internal/manager/dcm_containers.go:179.29,180.12 1 2
agirunner-container-manager/internal/manager/dcm_containers.go:183.3,185.48 2 7
agirunner-container-manager/internal/manager/dcm_containers.go:185.48,188.12 3 2
agirunner-container-manager/internal/manager/dcm_containers.go:191.3,192.21 2 5
agirunner-container-manager/internal/manager/dcm_containers.go:194.2,194.15 1 54
agirunner-container-manager/internal/manager/dcm_containers.go:201.109,202.59 1 3
agirunner-container-manager/internal/manager/dcm_containers.go:202.59,206.3 2 0
agirunner-container-manager/internal/manager/dcm_containers.go:208.2,209.79 2 3
agirunner-container-manager/internal/manager/dcm_containers.go:209.79,212.3 1 0
agirunner-container-manager/internal/manager/dcm_containers.go:214.2,221.4 3 3
agirunner-container-manager/internal/manager/dcm_containers.go:225.97,226.74 1 40
agirunner-container-manager/internal/manager/dcm_containers.go:226.74,228.3 1 0
agirunner-container-manager/internal/manager/dcm_containers.go:229.2,229.67 1 40
agirunner-container-manager/internal/manager/dcm_containers.go:229.67,231.3 1 0
agirunner-container-manager/internal/manager/dcm_containers.go:235.68,237.16 2 49
agirunner-container-manager/internal/manager/dcm_containers.go:237.16,240.3 2 0
agirunner-container-manager/internal/manager/dcm_containers.go:242.2,245.33 3 49
agirunner-container-manager/internal/manager/dcm_containers.go:245.33,259.3 7 2
agirunner-container-manager/internal/manager/dcm_containers.go:263.68,265.31 2 53
agirunner-container-manager/internal/manager/dcm_containers.go:265.31,266.44 1 94
agirunner-container-manager/internal/manager/dcm_containers.go:266.44,267.53 1 90
agirunner-container-manager/internal/manager/dcm_containers.go:267.53,269.5 1 90
agirunner-container-manager/internal/manager/dcm_containers.go:272.2,272.12 1 53
agirunner-container-manager/internal/manager/dcm_containers.go:276.94,278.31 2 53
agirunner-container-manager/internal/manager/dcm_containers.go:278.31,279.41 1 94
agirunner-container-manager/internal/manager/dcm_containers.go:279.41,280.12 1 90
agirunner-container-manager/internal/manager/dcm_containers.go:282.3,282.42 1 4
agirunner-container-manager/internal/manager/dcm_containers.go:282.42,283.12 1 0
agirunner-container-manager/internal/manager/dcm_containers.go:285.3,286.46 2 4
agirunner-container-manager/internal/manager/dcm_containers.go:286.46,288.4 1 3
agirunner-container-manager/internal/manager/dcm_containers.go:290.2,290.16 1 53
agirunner-container-manager/internal/manager/dcm_containers.go:294.94,304.2 3 136
agirunner-container-manager/internal/manager/dcm_containers.go:307.34,308.16 1 58
agirunner-container-manager/internal/manager/dcm_containers.go:308.16,310.3 1 47
agirunner-container-manager/internal/manager/dcm_containers.go:311.2,311.10 1 11
agirunner-container-manager/internal/manager/docker_client.go:34.66,39.16 2 0
agirunner-container-manager/internal/manager/docker_client.go:39.16,41.3 1 0
agirunner-container-manager/internal/manager/docker_client.go:42.2,42.41 1 0
agirunner-container-manager/internal/manager/docker_client.go:46.89,54.16 4 0
agirunner-container-manager/internal/manager/docker_client.go:54.16,56.3 1 0
agirunner-container-manager/internal/manager/docker_client.go:58.2,59.31 2 0
agirunner-container-manager/internal/manager/docker_client.go:59.31,61.23 2 0
agirunner-container-manager/internal/manager/docker_client.go:61.23,63.4 1 0
agirunner-container-manager/internal/manager/docker_client.go:64.3,70.5 1 0
agirunner-container-manager/internal/manager/docker_client.go:72.2,72.20 1 0
agirunner-container-manager/internal/manager/docker_client.go:76.101,78.37 2 0
agirunner-container-manager/internal/manager/docker_client.go:78.37,80.3 1 0
agirunner-container-manager/internal/manager/docker_client.go:82.2,96.28 4 0
agirunner-container-manager/internal/manager/docker_client.go:96.28,102.3 1 0
agirunner-container-manager/internal/manager/docker_client.go:104.2,105.16 2 0
agirunner-container-manager/internal/manager/docker_client.go:105.16,107.3 1 0
agirunner-container-manager/internal/manager/docker_client.go:109.2,109.85 1 0
agirunner-container-manager/internal/manager/docker_client.go:109.85,111.3 1 0
agirunner-container-manager/internal/manager/docker_client.go:113.2,113.21 1 0
agirunner-container-manager/internal/manager/docker_client.go:117.112,122.16 3 0
agirunner-container-manager/internal/manager/docker_client.go:122.16,124.3 1 0
agirunner-container-manager/internal/manager/docker_client.go:125.2,125.12 1 0
agirunner-container-manager/internal/manager/docker_client.go:129.91,133.16 2 0
agirunner-container-manager/internal/manager/docker_client.go:133.16,135.3 1 0
agirunner-container-manager/internal/manager/docker_client.go:136.2,136.12 1 0
agirunner-container-manager/internal/manager/docker_client.go:148.123,150.16 2 0
agirunner-container-manager/internal/manager/docker_client.go:150.16,152.3 1 0
agirunner-container-manager/internal/manager/docker_client.go:154.2,154.27 1 0
agirunner-container-manager/internal/manager/docker_client.go:154.27,156.3 1 0
agirunner-container-manager/internal/manager/docker_client.go:159.2,162.16 2 0
agirunner-container-manager/internal/manager/docker_client.go:162.16,164.3 1 0
agirunner-container-manager/internal/manager/docker_client.go:165.2,169.27 3 0
agirunner-container-manager/internal/manager/docker_client.go:169.27,171.3 1 0
agirunner-container-manager/internal/manager/docker_client.go:174.2,183.16 7 0
agirunner-container-manager/internal/manager/docker_client.go:183.16,185.3 1 0
agirunner-container-manager/internal/manager/docker_client.go:187.2,187.95 1 0
agirunner-container-manager/internal/manager/docker_client.go:187.95,189.3 1 0
agirunner-container-manager/internal/manager/docker_client.go:191.2,191.12 1 0
agirunner-container-manager/internal/manager/docker_client.go:195.86,197.16 2 0
agirunner-container-manager/internal/manager/docker_client.go:197.16,199.3 1 0
agirunner-container-manager/internal/manager/docker_client.go:201.2,202.29 2 0
agirunner-container-manager/internal/manager/docker_client.go:202.29,203.40 1 0
agirunner-container-manager/internal/manager/docker_client.go:203.40,211.32 4 0
agirunner-container-manager/internal/manager/docker_client.go:211.32,214.5 2 0
agirunner-container-manager/internal/manager/docker_client.go:215.4,215.31 1 0
agirunner-container-manager/internal/manager/docker_client.go:218.2,218.20 1 0
agirunner-container-manager/internal/manager/docker_client.go:223.85,224.16 1 0
agirunner-container-manager/internal/manager/docker_client.go:225.23,226.39 1 0
agirunner-container-manager/internal/manager/docker_client.go:227.30,228.37 1 0
agirunner-container-manager/internal/manager/docker_client.go:228.37,230.4 1 0
agirunner-container-manager/internal/manager/docker_client.go:231.3,231.38 1 0
agirunner-container-manager/internal/manager/docker_client.go:232.28,233.38 1 0
agirunner-container-manager/internal/manager/docker_client.go:234.10,235.72 1 0
agirunner-container-manager/internal/manager/docker_client.go:240.85,243.2 2 0
agirunner-container-manager/internal/manager/docker_client.go:246.85,247.36 1 0
agirunner-container-manager/internal/manager/docker_client.go:247.36,249.3 1 0
agirunner-container-manager/internal/manager/docker_client.go:250.2,250.93 1 0
agirunner-container-manager/internal/manager/docker_client.go:255.84,257.16 2 0
agirunner-container-manager/internal/manager/docker_client.go:257.16,259.3 1 0
agirunner-container-manager/internal/manager/docker_client.go:260.2,263.55 2 0
agirunner-container-manager/internal/manager/docker_client.go:263.55,265.3 1 0
agirunner-container-manager/internal/manager/docker_client.go:266.2,266.12 1 0
agirunner-container-manager/internal/manager/docker_client.go:270.112,272.16 2 0
agirunner-container-manager/internal/manager/docker_client.go:272.16,274.3 1 0
agirunner-container-manager/internal/manager/docker_client.go:275.2,278.66 3 0
agirunner-container-manager/internal/manager/docker_client.go:278.66,280.3 1 0
agirunner-container-manager/internal/manager/docker_client.go:282.2,290.8 3 0
agirunner-container-manager/internal/manager/docker_client.go:294.103,295.23 1 0
agirunner-container-manager/internal/manager/docker_client.go:295.23,297.3 1 0
agirunner-container-manager/internal/manager/docker_client.go:298.2,299.16 2 0
agirunner-container-manager/internal/manager/docker_client.go:299.16,301.3 1 0
agirunner-container-manager/internal/manager/docker_client.go:302.2,302.12 1 0
agirunner-container-manager/internal/manager/docker_client.go:306.124,308.16 2 0
agirunner-container-manager/internal/manager/docker_client.go:308.16,310.3 1 0
agirunner-container-manager/internal/manager/docker_client.go:311.2,312.51 2 0
agirunner-container-manager/internal/manager/docker_client.go:312.51,314.3 1 0
agirunner-container-manager/internal/manager/docker_client.go:315.2,315.52 1 0
agirunner-container-manager/internal/manager/docker_client.go:319.65,323.38 3 3
agirunner-container-manager/internal/manager/docker_client.go:323.38,325.3 1 1
agirunner-container-manager/internal/manager/docker_client.go:327.2,328.21 2 2
agirunner-container-manager/internal/manager/docker_client.go:328.21,330.3 1 1
agirunner-container-manager/internal/manager/docker_client.go:332.2,332.54 1 2
agirunner-container-manager/internal/manager/docker_client.go:336.76,338.42 2 2
agirunner-container-manager/internal/manager/docker_client.go:338.42,341.3 2 2
agirunner-container-manager/internal/manager/docker_client.go:342.2,342.15 1 2
agirunner-container-manager/internal/manager/docker_client.go:346.40,347.17 1 5
agirunner-container-manager/internal/manager/docker_client.go:347.17,349.3 1 1
agirunner-container-manager/internal/manager/docker_client.go:350.2,351.16 2 4
agirunner-container-manager/internal/manager/docker_client.go:351.16,353.3 1 1
agirunner-container-manager/internal/manager/docker_client.go:354.2,354.25 1 3
agirunner-container-manager/internal/manager/docker_client.go:359.43,360.17 1 7
agirunner-container-manager/internal/manager/docker_client.go:360.17,362.3 1 1
agirunner-container-manager/internal/manager/docker_client.go:363.2,366.35 3 6
agirunner-container-manager/internal/manager/docker_client.go:366.35,369.3 2 1
agirunner-container-manager/internal/manager/docker_client.go:369.8,369.42 1 5
agirunner-container-manager/internal/manager/docker_client.go:369.42,372.3 2 2
agirunner-container-manager/internal/manager/docker_client.go:372.8,372.42 1 3
agirunner-container-manager/internal/manager/docker_client.go:372.42,375.3 2 1
agirunner-container-manager/internal/manager/docker_client.go:377.2,378.16 2 6
agirunner-container-manager/internal/manager/docker_client.go:378.16,380.3 1 1
agirunner-container-manager/internal/manager/docker_client.go:381.2,381.41 1 5
agirunner-container-manager/internal/manager/docker_client.go:385.52,387.19 2 3
agirunner-container-manager/internal/manager/docker_client.go:387.19,389.3 1 1
agirunner-container-manager/internal/manager/docker_client.go:390.2,390.51 1 2
agirunner-container-manager/internal/manager/hung_runtime.go:18.59,20.16 2 62
agirunner-container-manager/internal/manager/hung_runtime.go:20.16,23.3 2 5
agirunner-container-manager/internal/manager/hung_runtime.go:25.2,26.16 2 57
agirunner-container-manager/internal/manager/hung_runtime.go:26.16,29.3 2 0
agirunner-container-manager/internal/manager/hung_runtime.go:31.2,35.31 4 57
agirunner-container-manager/internal/manager/hung_runtime.go:35.31,37.22 2 94
agirunner-container-manager/internal/manager/hung_runtime.go:37.22,38.12 1 0
agirunner-container-manager/internal/manager/hung_runtime.go:40.3,40.29 1 94
agirunner-container-manager/internal/manager/hung_runtime.go:40.29,41.12 1 3
agirunner-container-manager/internal/manager/hung_runtime.go:44.3,45.19 2 91
agirunner-container-manager/internal/manager/hung_runtime.go:45.19,46.12 1 82
agirunner-container-manager/internal/manager/hung_runtime.go:49.3,49.82 1 9
agirunner-container-manager/internal/manager/hung_runtime.go:52.2,52.70 1 57
agirunner-container-manager/internal/manager/hung_runtime.go:61.10,62.44 1 91
agirunner-container-manager/internal/manager/hung_runtime.go:62.44,64.3 1 7
agirunner-container-manager/internal/manager/hung_runtime.go:66.2,66.44 1 84
agirunner-container-manager/internal/manager/hung_runtime.go:66.44,68.3 1 2
agirunner-container-manager/internal/manager/hung_runtime.go:70.2,70.11 1 82
agirunner-container-manager/internal/manager/hung_runtime.go:76.65,77.15 1 73
agirunner-container-manager/internal/manager/hung_runtime.go:77.15,79.3 1 1
agirunner-container-manager/internal/manager/hung_runtime.go:80.2,81.16 2 72
agirunner-container-manager/internal/manager/hung_runtime.go:81.16,83.3 1 1
agirunner-container-manager/internal/manager/hung_runtime.go:84.2,84.52 1 71
agirunner-container-manager/internal/manager/hung_runtime.go:88.91,90.16 2 84
agirunner-container-manager/internal/manager/hung_runtime.go:90.16,92.3 1 0
agirunner-container-manager/internal/manager/hung_runtime.go:93.2,93.47 1 84
agirunner-container-manager/internal/manager/hung_runtime.go:102.3,121.2 6 9
agirunner-container-manager/internal/manager/hung_runtime.go:124.89,126.18 2 11
agirunner-container-manager/internal/manager/hung_runtime.go:126.18,128.3 1 3
agirunner-container-manager/internal/manager/hung_runtime.go:129.2,130.64 2 8
agirunner-container-manager/internal/manager/hung_runtime.go:130.64,136.3 1 1
agirunner-container-manager/internal/manager/hung_runtime.go:140.48,141.15 1 13
agirunner-container-manager/internal/manager/hung_runtime.go:141.15,143.3 1 1
agirunner-container-manager/internal/manager/hung_runtime.go:144.2,144.24 1 12
agirunner-container-manager/internal/manager/hung_runtime.go:154.3,156.28 2 57
agirunner-container-manager/internal/manager/hung_runtime.go:156.28,158.74 2 70
agirunner-container-manager/internal/manager/hung_runtime.go:158.74,159.12 1 67
agirunner-container-manager/internal/manager/hung_runtime.go:161.3,161.33 1 3
agirunner-container-manager/internal/manager/hung_runtime.go:161.33,162.12 1 1
agirunner-container-manager/internal/manager/hung_runtime.go:164.3,164.57 1 2
agirunner-container-manager/internal/manager/hung_runtime.go:169.86,171.31 2 58
agirunner-container-manager/internal/manager/hung_runtime.go:171.31,173.16 2 96
agirunner-container-manager/internal/manager/hung_runtime.go:173.16,175.4 1 96
agirunner-container-manager/internal/manager/hung_runtime.go:177.2,177.10 1 58
agirunner-container-manager/internal/manager/hung_runtime.go:181.93,183.28 2 58
agirunner-container-manager/internal/manager/hung_runtime.go:183.28,185.3 1 72
agirunner-container-manager/internal/manager/hung_runtime.go:186.2,186.10 1 58
agirunner-container-manager/internal/manager/lifecycle.go:13.59,15.16 2 5
agirunner-container-manager/internal/manager/lifecycle.go:15.16,17.3 1 0
agirunner-container-manager/internal/manager/lifecycle.go:19.2,19.26 1 5
agirunner-container-manager/internal/manager/lifecycle.go:19.26,22.3 2 1
agirunner-container-manager/internal/manager/lifecycle.go:24.2,25.16 2 4
agirunner-container-manager/internal/manager/lifecycle.go:25.16,27.3 1 0
agirunner-container-manager/internal/manager/lifecycle.go:29.2,32.12 4 4
agirunner-container-manager/internal/manager/lifecycle.go:36.86,38.16 2 5
agirunner-container-manager/internal/manager/lifecycle.go:38.16,40.3 1 0
agirunner-container-manager/internal/manager/lifecycle.go:42.2,43.24 2 5
agirunner-container-manager/internal/manager/lifecycle.go:43.24,44.42 1 6
agirunner-container-manager/internal/manager/lifecycle.go:44.42,46.4 1 6
agirunner-container-manager/internal/manager/lifecycle.go:48.2,48.17 1 5
agirunner-container-manager/internal/manager/lifecycle.go:52.71,54.28 2 8
agirunner-container-manager/internal/manager/lifecycle.go:54.28,56.3 1 11
agirunner-container-manager/internal/manager/lifecycle.go:57.2,57.10 1 8
agirunner-container-manager/internal/manager/lifecycle.go:65.3,66.31 1 4
agirunner-container-manager/internal/manager/lifecycle.go:66.31,67.44 1 6
agirunner-container-manager/internal/manager/lifecycle.go:67.44,68.12 1 2
agirunner-container-manager/internal/manager/lifecycle.go:70.3,71.55 2 4
agirunner-container-manager/internal/manager/lifecycle.go:71.55,73.12 2 3
agirunner-container-manager/internal/manager/lifecycle.go:75.3,77.42 3 1
agirunner-container-manager/internal/manager/lifecycle.go:84.61,86.22 2 8
agirunner-container-manager/internal/manager/lifecycle.go:86.22,88.3 1 4
agirunner-container-manager/internal/manager/lifecycle.go:89.2,90.32 2 4
agirunner-container-manager/internal/manager/lifecycle.go:90.32,92.3 1 3
agirunner-container-manager/internal/manager/lifecycle.go:93.2,93.45 1 1
agirunner-container-manager/internal/manager/lifecycle.go:97.95,101.33 3 4
agirunner-container-manager/internal/manager/lifecycle.go:101.33,104.3 2 1
agirunner-container-manager/internal/manager/lifecycle.go:108.37,119.2 7 1
agirunner-container-manager/internal/manager/lifecycle.go:122.57,124.16 2 2
agirunner-container-manager/internal/manager/lifecycle.go:124.16,127.3 2 1
agirunner-container-manager/internal/manager/lifecycle.go:129.2,129.31 1 1
agirunner-container-manager/internal/manager/lifecycle.go:129.31,133.3 3 2
agirunner-container-manager/internal/manager/lifecycle.go:137.60,139.16 2 3
agirunner-container-manager/internal/manager/lifecycle.go:139.16,142.3 2 1
agirunner-container-manager/internal/manager/lifecycle.go:144.2,145.26 2 2
agirunner-container-manager/internal/manager/lifecycle.go:145.26,148.3 2 2
agirunner-container-manager/internal/manager/log_emitter.go:74.78,90.2 4 0
agirunner-container-manager/internal/manager/log_emitter.go:96.43,101.34 4 46
agirunner-container-manager/internal/manager/log_emitter.go:101.34,103.3 1 9
agirunner-container-manager/internal/manager/log_emitter.go:107.30,113.23 5 17
agirunner-container-manager/internal/manager/log_emitter.go:113.23,115.3 1 8
agirunner-container-manager/internal/manager/log_emitter.go:119.34,124.6 4 17
agirunner-container-manager/internal/manager/log_emitter.go:124.6,125.10 1 21
agirunner-container-manager/internal/manager/log_emitter.go:126.17,127.10 1 17
agirunner-container-manager/internal/manager/log_emitter.go:128.19,130.25 2 4
agirunner-container-manager/internal/manager/log_emitter.go:130.25,132.5 1 1
agirunner-container-manager/internal/manager/log_emitter.go:133.4,133.17 1 4
agirunner-container-manager/internal/manager/log_emitter.go:140.36,141.24 1 18
agirunner-container-manager/internal/manager/log_emitter.go:141.24,143.3 1 0
agirunner-container-manager/internal/manager/log_emitter.go:145.2,150.16 5 18
agirunner-container-manager/internal/manager/log_emitter.go:150.16,153.3 2 0
agirunner-container-manager/internal/manager/log_emitter.go:155.2,156.16 2 18
agirunner-container-manager/internal/manager/log_emitter.go:156.16,159.3 2 0
agirunner-container-manager/internal/manager/log_emitter.go:160.2,164.16 4 18
agirunner-container-manager/internal/manager/log_emitter.go:164.16,167.3 2 1
agirunner-container-manager/internal/manager/log_emitter.go:168.2,170.28 2 17
agirunner-container-manager/internal/manager/log_emitter.go:170.28,173.3 1 1
agirunner-container-manager/internal/manager/log_emitter.go:177.23,184.2 5 93
agirunner-container-manager/internal/manager/log_emitter.go:190.3,205.2 1 42
agirunner-container-manager/internal/manager/log_emitter.go:212.3,228.2 1 1
agirunner-container-manager/internal/manager/log_emitter.go:231.95,232.25 1 146
agirunner-container-manager/internal/manager/log_emitter.go:232.25,234.3 1 9
agirunner-container-manager/internal/manager/log_emitter.go:238.100,239.25 1 2
agirunner-container-manager/internal/manager/log_emitter.go:239.25,241.3 1 0
agirunner-container-manager/internal/manager/log_emitter.go:245.116,246.25 1 33
agirunner-container-manager/internal/manager/log_emitter.go:246.25,248.3 1 2
agirunner-container-manager/internal/manager/log_emitter.go:256.3,272.2 1 3
agirunner-container-manager/internal/manager/manager.go:89.73,104.2 2 0
agirunner-container-manager/internal/manager/manager.go:108.107,121.2 1 121
agirunner-container-manager/internal/manager/manager.go:124.58,126.2 1 0
agirunner-container-manager/internal/manager/manager.go:131.27,132.25 1 0
agirunner-container-manager/internal/manager/manager.go:132.25,134.3 1 0
agirunner-container-manager/internal/manager/manager.go:138.50,141.44 2 0
agirunner-container-manager/internal/manager/manager.go:141.44,143.3 1 0
agirunner-container-manager/internal/manager/manager.go:145.2,148.6 3 0
agirunner-container-manager/internal/manager/manager.go:148.6,149.10 1 0
agirunner-container-manager/internal/manager/manager.go:150.21,154.20 4 0
agirunner-container-manager/internal/manager/manager.go:155.19,156.28 1 0
agirunner-container-manager/internal/manager/manager.go:161.58,162.45 1 1
agirunner-container-manager/internal/manager/manager.go:162.45,164.3 1 0
agirunner-container-manager/internal/manager/manager.go:165.2,165.44 1 1
agirunner-container-manager/internal/manager/manager.go:165.44,167.3 1 0
agirunner-container-manager/internal/manager/manager.go:175.60,177.16 2 20
agirunner-container-manager/internal/manager/manager.go:177.16,179.3 1 1
agirunner-container-manager/internal/manager/manager.go:181.2,182.16 2 19
agirunner-container-manager/internal/manager/manager.go:182.16,184.3 1 1
agirunner-container-manager/internal/manager/manager.go:187.2,189.27 3 18
agirunner-container-manager/internal/manager/manager.go:189.27,191.10 2 28
agirunner-container-manager/internal/manager/manager.go:191.10,192.12 1 0
agirunner-container-manager/internal/manager/manager.go:194.3,194.40 1 28
agirunner-container-manager/internal/manager/manager.go:194.40,196.4 1 12
agirunner-container-manager/internal/manager/manager.go:196.9,198.4 1 16
agirunner-container-manager/internal/manager/manager.go:202.2,202.29 1 18
agirunner-container-manager/internal/manager/manager.go:202.29,209.18 5 14
agirunner-container-manager/internal/manager/manager.go:209.18,212.12 3 2
agirunner-container-manager/internal/manager/manager.go:215.3,215.26 1 12
agirunner-container-manager/internal/manager/manager.go:215.26,218.12 3 1
agirunner-container-manager/internal/manager/manager.go:221.3,222.47 2 11
agirunner-container-manager/internal/manager/manager.go:226.2,226.48 1 18
agirunner-container-manager/internal/manager/manager.go:226.48,227.32 1 1
agirunner-container-manager/internal/manager/manager.go:227.32,229.82 2 1
agirunner-container-manager/internal/manager/manager.go:229.82,231.5 1 0
agirunner-container-manager/internal/manager/manager.go:232.4,232.62 1 1
agirunner-container-manager/internal/manager/manager.go:232.62,234.5 1 0
agirunner-container-manager/internal/manager/manager.go:239.2,239.45 1 18
agirunner-container-manager/internal/manager/manager.go:239.45,241.3 1 1
agirunner-container-manager/internal/manager/manager.go:244.2,249.12 3 18
agirunner-container-manager/internal/manager/manager.go:252.100,257.29 3 11
agirunner-container-manager/internal/manager/manager.go:257.29,258.32 1 11
agirunner-container-manager/internal/manager/manager.go:258.32,263.4 4 2
agirunner-container-manager/internal/manager/manager.go:267.2,267.46 1 11
agirunner-container-manager/internal/manager/manager.go:267.46,270.17 3 7
agirunner-container-manager/internal/manager/manager.go:270.17,272.12 2 0
agirunner-container-manager/internal/manager/manager.go:274.3,274.88 1 7
agirunner-container-manager/internal/manager/manager.go:278.2,278.32 1 11
agirunner-container-manager/internal/manager/manager.go:278.32,279.68 1 1
agirunner-container-manager/internal/manager/manager.go:279.68,283.4 3 2
agirunner-container-manager/internal/manager/manager.go:287.98,288.29 1 2
agirunner-container-manager/internal/manager/manager.go:288.29,292.3 3 3
agirunner-container-manager/internal/manager/manager.go:295.97,296.29 1 1
agirunner-container-manager/internal/manager/manager.go:296.29,300.3 3 1
agirunner-container-manager/internal/manager/manager.go:303.2,303.35 1 1
agirunner-container-manager/internal/manager/manager.go:303.35,306.17 3 1
agirunner-container-manager/internal/manager/manager.go:306.17,308.12 2 0
agirunner-container-manager/internal/manager/manager.go:310.3,310.104 1 1
agirunner-container-manager/internal/manager/manager.go:314.75,315.32 1 21
agirunner-container-manager/internal/manager/manager.go:315.32,317.3 1 0
agirunner-container-manager/internal/manager/manager.go:318.2,318.41 1 21
agirunner-container-manager/internal/manager/manager.go:318.41,319.41 1 21
agirunner-container-manager/internal/manager/manager.go:319.41,321.4 1 3
agirunner-container-manager/internal/manager/manager.go:323.2,323.14 1 18
agirunner-container-manager/internal/manager/manager.go:326.87,328.21 2 8
agirunner-container-manager/internal/manager/manager.go:328.21,330.3 1 3
agirunner-container-manager/internal/manager/manager.go:332.2,333.35 2 8
agirunner-container-manager/internal/manager/manager.go:333.35,335.3 1 0
agirunner-container-manager/internal/manager/manager.go:336.2,336.27 1 8
agirunner-container-manager/internal/manager/manager.go:336.27,338.3 1 0
agirunner-container-manager/internal/manager/manager.go:339.2,339.24 1 8
agirunner-container-manager/internal/manager/manager.go:339.24,341.3 1 0
agirunner-container-manager/internal/manager/manager.go:343.2,354.3 1 8
agirunner-container-manager/internal/manager/manager.go:357.107,362.35 3 11
agirunner-container-manager/internal/manager/manager.go:362.35,363.32 1 10
agirunner-container-manager/internal/manager/manager.go:363.32,368.4 4 1
agirunner-container-manager/internal/manager/manager.go:372.2,372.44 1 11
agirunner-container-manager/internal/manager/manager.go:372.44,375.17 3 3
agirunner-container-manager/internal/manager/manager.go:375.17,377.12 2 0
agirunner-container-manager/internal/manager/manager.go:379.3,379.98 1 3
agirunner-container-manager/internal/manager/manager.go:383.2,383.30 1 11
agirunner-container-manager/internal/manager/manager.go:383.30,384.72 1 2
agirunner-container-manager/internal/manager/manager.go:384.72,388.4 3 4
agirunner-container-manager/internal/manager/manager.go:392.90,393.35 1 4
agirunner-container-manager/internal/manager/manager.go:393.35,397.3 3 2
agirunner-container-manager/internal/manager/manager.go:400.79,404.35 3 3
agirunner-container-manager/internal/manager/manager.go:404.35,406.3 1 0
agirunner-container-manager/internal/manager/manager.go:407.2,407.27 1 3
agirunner-container-manager/internal/manager/manager.go:407.27,409.3 1 0
agirunner-container-manager/internal/manager/manager.go:410.2,410.24 1 3
agirunner-container-manager/internal/manager/manager.go:410.24,412.3 1 0
agirunner-container-manager/internal/manager/manager.go:414.2,426.3 1 3
agirunner-container-manager/internal/manager/manager.go:429.86,430.31 1 21
agirunner-container-manager/internal/manager/manager.go:430.31,432.10 2 32
agirunner-container-manager/internal/manager/manager.go:432.10,433.12 1 0
agirunner-container-manager/internal/manager/manager.go:436.3,437.17 2 32
agirunner-container-manager/internal/manager/manager.go:437.17,439.12 2 1
agirunner-container-manager/internal/manager/manager.go:442.3,447.19 2 31
agirunner-container-manager/internal/manager/manager.go:447.19,452.4 4 2
agirunner-container-manager/internal/manager/manager.go:454.3,454.61 1 31
agirunner-container-manager/internal/manager/manager.go:454.61,456.4 1 2
agirunner-container-manager/internal/manager/manager.go:460.53,462.16 2 20
agirunner-container-manager/internal/manager/manager.go:462.16,465.3 2 1
agirunner-container-manager/internal/manager/manager.go:466.2,466.29 1 19
agirunner-container-manager/internal/manager/manager.go:466.29,467.53 1 2
agirunner-container-manager/internal/manager/manager.go:467.53,469.4 1 2
agirunner-container-manager/internal/manager/metrics.go:14.38,40.2 6 127
agirunner-container-manager/internal/manager/metrics.go:43.71,45.2 1 58
agirunner-container-manager/internal/manager/metrics.go:48.47,50.2 1 7
agirunner-container-manager/internal/manager/metrics.go:53.82,55.2 1 1
agirunner-container-manager/internal/manager/metrics.go:61.3,68.31 3 49
agirunner-container-manager/internal/manager/metrics.go:68.31,72.3 3 89
agirunner-container-manager/internal/manager/metrics.go:74.2,75.33 2 49
agirunner-container-manager/internal/manager/metrics.go:75.33,77.3 1 31
agirunner-container-manager/internal/manager/metrics.go:81.93,82.28 1 89
agirunner-container-manager/internal/manager/metrics.go:82.28,84.3 1 4
agirunner-container-manager/internal/manager/metrics.go:85.2,86.41 2 85
agirunner-container-manager/internal/manager/metrics.go:86.41,87.19 1 58
agirunner-container-manager/internal/manager/metrics.go:88.20,89.22 1 8
agirunner-container-manager/internal/manager/metrics.go:90.15,91.17 1 50
agirunner-container-manager/internal/manager/metrics.go:94.2,94.17 1 27
agirunner-container-manager/internal/manager/platform_client.go:21.64,29.2 1 15
agirunner-container-manager/internal/manager/platform_client.go:36.70,40.16 3 0
agirunner-container-manager/internal/manager/platform_client.go:40.16,42.3 1 0
agirunner-container-manager/internal/manager/platform_client.go:43.2,46.16 3 0
agirunner-container-manager/internal/manager/platform_client.go:46.16,48.3 1 0
agirunner-container-manager/internal/manager/platform_client.go:49.2,51.38 2 0
agirunner-container-manager/internal/manager/platform_client.go:51.38,54.3 2 0
agirunner-container-manager/internal/manager/platform_client.go:56.2,57.67 2 0
agirunner-container-manager/internal/manager/platform_client.go:57.67,59.3 1 0
agirunner-container-manager/internal/manager/platform_client.go:62.2,63.33 2 0
agirunner-container-manager/internal/manager/platform_client.go:63.33,64.17 1 0
agirunner-container-manager/internal/manager/platform_client.go:64.17,66.4 1 0
agirunner-container-manager/internal/manager/platform_client.go:68.2,68.21 1 0
agirunner-container-manager/internal/manager/platform_client.go:72.69,83.16 3 0
agirunner-container-manager/internal/manager/platform_client.go:83.16,85.3 1 0
agirunner-container-manager/internal/manager/platform_client.go:87.2,89.16 3 0
agirunner-container-manager/internal/manager/platform_client.go:89.16,91.3 1 0
agirunner-container-manager/internal/manager/platform_client.go:92.2,96.16 4 0
agirunner-container-manager/internal/manager/platform_client.go:96.16,98.3 1 0
agirunner-container-manager/internal/manager/platform_client.go:99.2,101.28 2 0
agirunner-container-manager/internal/manager/platform_client.go:101.28,104.3 2 0
agirunner-container-manager/internal/manager/platform_client.go:105.2,105.12 1 0
agirunner-container-manager/internal/manager/platform_client.go:109.66,117.16 3 0
agirunner-container-manager/internal/manager/platform_client.go:117.16,119.3 1 0
agirunner-container-manager/internal/manager/platform_client.go:121.2,123.16 3 0
agirunner-container-manager/internal/manager/platform_client.go:123.16,125.3 1 0
agirunner-container-manager/internal/manager/platform_client.go:126.2,130.16 4 0
agirunner-container-manager/internal/manager/platform_client.go:130.16,132.3 1 0
agirunner-container-manager/internal/manager/platform_client.go:133.2,135.28 2 0
agirunner-container-manager/internal/manager/platform_client.go:135.28,138.3 2 0
agirunner-container-manager/internal/manager/platform_client.go:139.2,139.12 1 0
agirunner-container-manager/internal/manager/platform_client.go:143.73,145.16 2 0
agirunner-container-manager/internal/manager/platform_client.go:145.16,147.3 1 0
agirunner-container-manager/internal/manager/platform_client.go:149.2,151.16 3 0
agirunner-container-manager/internal/manager/platform_client.go:151.16,153.3 1 0
agirunner-container-manager/internal/manager/platform_client.go:154.2,158.16 4 0
agirunner-container-manager/internal/manager/platform_client.go:158.16,160.3 1 0
agirunner-container-manager/internal/manager/platform_client.go:161.2,163.28 2 0
agirunner-container-manager/internal/manager/platform_client.go:163.28,166.3 2 0
agirunner-container-manager/internal/manager/platform_client.go:167.2,167.12 1 0
agirunner-container-manager/internal/manager/platform_client.go:171.73,173.16 2 0
agirunner-container-manager/internal/manager/platform_client.go:173.16,175.3 1 0
agirunner-container-manager/internal/manager/platform_client.go:177.2,179.16 3 0
agirunner-container-manager/internal/manager/platform_client.go:179.16,181.3 1 0
agirunner-container-manager/internal/manager/platform_client.go:182.2,186.16 4 0
agirunner-container-manager/internal/manager/platform_client.go:186.16,188.3 1 0
agirunner-container-manager/internal/manager/platform_client.go:189.2,191.28 2 0
agirunner-container-manager/internal/manager/platform_client.go:191.28,194.3 2 0
agirunner-container-manager/internal/manager/platform_client.go:195.2,195.12 1 0
agirunner-container-manager/internal/manager/platform_client.go:203.73,207.16 3 0
agirunner-container-manager/internal/manager/platform_client.go:207.16,209.3 1 0
agirunner-container-manager/internal/manager/platform_client.go:210.2,213.16 3 0
agirunner-container-manager/internal/manager/platform_client.go:213.16,215.3 1 0
agirunner-container-manager/internal/manager/platform_client.go:216.2,218.38 2 0
agirunner-container-manager/internal/manager/platform_client.go:218.38,221.3 2 0
agirunner-container-manager/internal/manager/platform_client.go:223.2,224.67 2 0
agirunner-container-manager/internal/manager/platform_client.go:224.67,226.3 1 0
agirunner-container-manager/internal/manager/platform_client.go:227.2,227.25 1 0
agirunner-container-manager/internal/manager/platform_client.go:235.72,239.16 3 0
agirunner-container-manager/internal/manager/platform_client.go:239.16,241.3 1 0
agirunner-container-manager/internal/manager/platform_client.go:242.2,245.16 3 0
agirunner-container-manager/internal/manager/platform_client.go:245.16,247.3 1 0
agirunner-container-manager/internal/manager/platform_client.go:248.2,250.38 2 0
agirunner-container-manager/internal/manager/platform_client.go:250.38,253.3 2 0
agirunner-container-manager/internal/manager/platform_client.go:255.2,256.67 2 0
agirunner-container-manager/internal/manager/platform_client.go:256.67,258.3 1 0
agirunner-container-manager/internal/manager/platform_client.go:259.2,259.25 1 0
agirunner-container-manager/internal/manager/platform_client.go:263.67,265.16 2 15
agirunner-container-manager/internal/manager/platform_client.go:265.16,267.3 1 0
agirunner-container-manager/internal/manager/platform_client.go:269.2,271.16 3 15
agirunner-container-manager/internal/manager/platform_client.go:271.16,273.3 1 0
agirunner-container-manager/internal/manager/platform_client.go:274.2,278.16 4 15
agirunner-container-manager/internal/manager/platform_client.go:278.16,280.3 1 1
agirunner-container-manager/internal/manager/platform_client.go:281.2,283.28 2 14
agirunner-container-manager/internal/manager/platform_client.go:283.28,286.3 2 1
agirunner-container-manager/internal/manager/platform_client.go:287.2,287.12 1 13
agirunner-container-manager/internal/manager/platform_client.go:291.63,294.16 3 0
agirunner-container-manager/internal/manager/platform_client.go:294.16,296.3 1 0
agirunner-container-manager/internal/manager/platform_client.go:297.2,300.16 3 0
agirunner-container-manager/internal/manager/platform_client.go:300.16,302.3 1 0
agirunner-container-manager/internal/manager/platform_client.go:303.2,305.28 2 0
agirunner-container-manager/internal/manager/platform_client.go:305.28,308.3 2 0
agirunner-container-manager/internal/manager/platform_client.go:309.2,309.12 1 0
agirunner-container-manager/internal/manager/platform_client.go:313.64,321.16 3 0
agirunner-container-manager/internal/manager/platform_client.go:321.16,323.3 1 0
agirunner-container-manager/internal/manager/platform_client.go:325.2,327.16 3 0
agirunner-container-manager/internal/manager/platform_client.go:327.16,329.3 1 0
agirunner-container-manager/internal/manager/platform_client.go:330.2,334.16 4 0
agirunner-container-manager/internal/manager/platform_client.go:334.16,336.3 1 0
agirunner-container-manager/internal/manager/platform_client.go:337.2,339.28 2 0
agirunner-container-manager/internal/manager/platform_client.go:339.28,342.3 2 0
agirunner-container-manager/internal/manager/platform_client.go:343.2,343.12 1 0
agirunner-container-manager/internal/manager/platform_client.go:347.94,354.16 3 0
agirunner-container-manager/internal/manager/platform_client.go:354.16,356.3 1 0
agirunner-container-manager/internal/manager/platform_client.go:358.2,360.16 3 0
agirunner-container-manager/internal/manager/platform_client.go:360.16,362.3 1 0
agirunner-container-manager/internal/manager/platform_client.go:363.2,367.16 4 0
agirunner-container-manager/internal/manager/platform_client.go:367.16,369.3 1 0
agirunner-container-manager/internal/manager/platform_client.go:370.2,372.28 2 0
agirunner-container-manager/internal/manager/platform_client.go:372.28,375.3 2 0
agirunner-container-manager/internal/manager/platform_client.go:376.2,376.12 1 0
agirunner-container-manager/internal/manager/priority.go:8.69,11.41 3 70
agirunner-container-manager/internal/manager/priority.go:11.41,12.47 1 25
agirunner-container-manager/internal/manager/priority.go:12.47,14.4 1 17
agirunner-container-manager/internal/manager/priority.go:15.3,17.31 3 8
agirunner-container-manager/internal/manager/priority.go:17.31,19.4 1 1
agirunner-container-manager/internal/manager/priority.go:20.3,20.57 1 7
agirunner-container-manager/internal/manager/priority.go:22.2,22.15 1 70
agirunner-container-manager/internal/manager/priority.go:37.25,39.42 2 9
agirunner-container-manager/internal/manager/priority.go:39.42,41.44 2 8
agirunner-container-manager/internal/manager/priority.go:41.44,42.12 1 2
agirunner-container-manager/internal/manager/priority.go:44.3,44.32 1 6
agirunner-container-manager/internal/manager/priority.go:44.32,45.30 1 37
agirunner-container-manager/internal/manager/priority.go:45.30,46.13 1 1
agirunner-container-manager/internal/manager/priority.go:48.4,52.6 1 36
agirunner-container-manager/internal/manager/priority.go:55.2,56.19 2 9
agirunner-container-manager/internal/manager/priority.go:60.65,61.45 1 9
agirunner-container-manager/internal/manager/priority.go:61.45,63.3 1 31
agirunner-container-manager/internal/manager/priority.go:73.20,75.31 2 9
agirunner-container-manager/internal/manager/priority.go:75.31,77.3 1 17
agirunner-container-manager/internal/manager/priority.go:79.2,82.32 3 9
agirunner-container-manager/internal/manager/priority.go:82.32,83.31 1 14
agirunner-container-manager/internal/manager/priority.go:83.31,84.12 1 3
agirunner-container-manager/internal/manager/priority.go:86.3,87.36 2 11
agirunner-container-manager/internal/manager/priority.go:87.36,88.12 1 2
agirunner-container-manager/internal/manager/priority.go:90.3,91.18 2 9
agirunner-container-manager/internal/manager/priority.go:91.18,92.12 1 0
agirunner-container-manager/internal/manager/priority.go:94.3,95.76 2 9
agirunner-container-manager/internal/manager/priority.go:97.2,97.14 1 9
agirunner-container-manager/internal/manager/priority.go:101.59,103.39 2 9
agirunner-container-manager/internal/manager/priority.go:103.39,105.3 1 1
agirunner-container-manager/internal/manager/priority.go:106.2,106.13 1 9
agirunner-container-manager/internal/manager/priority.go:121.20,123.62 2 9
agirunner-container-manager/internal/manager/priority.go:123.62,129.3 1 9
agirunner-container-manager/internal/manager/priority.go:130.2,130.14 1 9
agirunner-container-manager/internal/manager/reconcile_dcm.go:13.59,15.16 2 49
agirunner-container-manager/internal/manager/reconcile_dcm.go:15.16,17.3 1 1
agirunner-container-manager/internal/manager/reconcile_dcm.go:19.2,20.16 2 48
agirunner-container-manager/internal/manager/reconcile_dcm.go:20.16,22.3 1 0
agirunner-container-manager/internal/manager/reconcile_dcm.go:24.2,25.16 2 48
agirunner-container-manager/internal/manager/reconcile_dcm.go:25.16,28.3 2 4
agirunner-container-manager/internal/manager/reconcile_dcm.go:28.8,30.3 1 44
agirunner-container-manager/internal/manager/reconcile_dcm.go:32.2,43.26 7 48
agirunner-container-manager/internal/manager/reconcile_dcm.go:43.26,45.3 1 6
agirunner-container-manager/internal/manager/reconcile_dcm.go:47.2,52.20 5 48
agirunner-container-manager/internal/manager/reconcile_dcm.go:52.20,54.3 1 48
agirunner-container-manager/internal/manager/reconcile_dcm.go:56.2,56.12 1 48
agirunner-container-manager/internal/manager/reconcile_dcm.go:70.19,74.31 3 48
agirunner-container-manager/internal/manager/reconcile_dcm.go:74.31,78.3 1 51
agirunner-container-manager/internal/manager/reconcile_dcm.go:80.2,80.20 1 48
agirunner-container-manager/internal/manager/reconcile_dcm.go:86.64,87.22 1 51
agirunner-container-manager/internal/manager/reconcile_dcm.go:87.22,89.3 1 3
agirunner-container-manager/internal/manager/reconcile_dcm.go:90.2,92.35 3 48
agirunner-container-manager/internal/manager/reconcile_dcm.go:92.35,93.48 1 11
agirunner-container-manager/internal/manager/reconcile_dcm.go:93.48,96.4 2 7
agirunner-container-manager/internal/manager/reconcile_dcm.go:96.9,98.4 1 4
agirunner-container-manager/internal/manager/reconcile_dcm.go:100.2,101.15 2 48
agirunner-container-manager/internal/manager/reconcile_dcm.go:113.19,121.31 3 51
agirunner-container-manager/internal/manager/reconcile_dcm.go:121.31,122.32 1 54
agirunner-container-manager/internal/manager/reconcile_dcm.go:122.32,124.4 1 7
agirunner-container-manager/internal/manager/reconcile_dcm.go:125.3,128.93 4 54
agirunner-container-manager/internal/manager/reconcile_dcm.go:133.2,136.26 4 51
agirunner-container-manager/internal/manager/reconcile_dcm.go:136.26,139.3 2 54
agirunner-container-manager/internal/manager/reconcile_dcm.go:140.2,143.26 3 51
agirunner-container-manager/internal/manager/reconcile_dcm.go:143.26,150.56 5 54
agirunner-container-manager/internal/manager/reconcile_dcm.go:150.56,152.4 1 8
agirunner-container-manager/internal/manager/reconcile_dcm.go:154.2,154.20 1 51
agirunner-container-manager/internal/manager/reconcile_dcm.go:162.81,165.30 3 56
agirunner-container-manager/internal/manager/reconcile_dcm.go:165.30,166.12 1 65
agirunner-container-manager/internal/manager/reconcile_dcm.go:166.12,168.4 1 29
agirunner-container-manager/internal/manager/reconcile_dcm.go:170.2,170.42 1 56
agirunner-container-manager/internal/manager/reconcile_dcm.go:170.42,172.3 1 35
agirunner-container-manager/internal/manager/reconcile_dcm.go:175.2,175.32 1 21
agirunner-container-manager/internal/manager/reconcile_dcm.go:175.32,176.31 1 18
agirunner-container-manager/internal/manager/reconcile_dcm.go:176.31,177.13 1 20
agirunner-container-manager/internal/manager/reconcile_dcm.go:177.13,179.5 1 20
agirunner-container-manager/internal/manager/reconcile_dcm.go:181.3,181.16 1 18
agirunner-container-manager/internal/manager/reconcile_dcm.go:185.2,186.30 2 3
agirunner-container-manager/internal/manager/reconcile_dcm.go:186.30,187.12 1 7
agirunner-container-manager/internal/manager/reconcile_dcm.go:187.12,190.4 2 7
agirunner-container-manager/internal/manager/reconcile_dcm.go:195.2,196.20 2 3
agirunner-container-manager/internal/manager/reconcile_dcm.go:196.20,200.31 4 3
agirunner-container-manager/internal/manager/reconcile_dcm.go:200.31,202.24 2 8
agirunner-container-manager/internal/manager/reconcile_dcm.go:202.24,203.13 1 0
agirunner-container-manager/internal/manager/reconcile_dcm.go:205.4,206.72 1 8
agirunner-container-manager/internal/manager/reconcile_dcm.go:206.72,210.5 3 4
agirunner-container-manager/internal/manager/reconcile_dcm.go:212.3,212.18 1 3
agirunner-container-manager/internal/manager/reconcile_dcm.go:212.18,213.9 1 0
agirunner-container-manager/internal/manager/reconcile_dcm.go:215.3,216.14 2 3
agirunner-container-manager/internal/manager/reconcile_dcm.go:219.2,219.15 1 3
agirunner-container-manager/internal/manager/reconcile_dcm.go:231.3,234.21 3 6
agirunner-container-manager/internal/manager/reconcile_dcm.go:234.21,236.3 1 2
agirunner-container-manager/internal/manager/reconcile_dcm.go:238.2,240.29 2 4
agirunner-container-manager/internal/manager/reconcile_dcm.go:240.29,241.102 1 8
agirunner-container-manager/internal/manager/reconcile_dcm.go:241.102,244.12 2 2
agirunner-container-manager/internal/manager/reconcile_dcm.go:247.3,250.9 4 6
agirunner-container-manager/internal/manager/reconcile_dcm.go:250.9,252.4 1 6
agirunner-container-manager/internal/manager/reconcile_dcm.go:254.3,266.53 6 6
agirunner-container-manager/internal/manager/reconcile_dcm.go:266.53,268.4 1 6
agirunner-container-manager/internal/manager/reconcile_dcm.go:269.3,276.5 1 6
agirunner-container-manager/internal/manager/reconcile_dcm.go:288.8,290.21 2 12
agirunner-container-manager/internal/manager/reconcile_dcm.go:290.21,292.3 1 1
agirunner-container-manager/internal/manager/reconcile_dcm.go:293.2,293.51 1 11
agirunner-container-manager/internal/manager/reconcile_dcm.go:301.10,302.40 1 12
agirunner-container-manager/internal/manager/reconcile_dcm.go:302.40,303.26 1 16
agirunner-container-manager/internal/manager/reconcile_dcm.go:303.26,305.4 1 11
agirunner-container-manager/internal/manager/reconcile_dcm.go:307.2,307.11 1 1
agirunner-container-manager/internal/manager/reconcile_dcm.go:312.84,313.24 1 10
agirunner-container-manager/internal/manager/reconcile_dcm.go:313.24,315.3 1 5
agirunner-container-manager/internal/manager/reconcile_dcm.go:316.2,316.17 1 5
agirunner-container-manager/internal/manager/reconcile_dcm.go:320.76,322.16 2 48
agirunner-container-manager/internal/manager/reconcile_dcm.go:322.16,324.3 1 4
agirunner-container-manager/internal/manager/reconcile_dcm.go:325.2,325.43 1 44
agirunner-container-manager/internal/manager/reconcile_dcm.go:329.83,331.32 2 45
agirunner-container-manager/internal/manager/reconcile_dcm.go:331.32,333.3 1 58
agirunner-container-manager/internal/manager/reconcile_dcm.go:334.2,334.10 1 45
agirunner-container-manager/internal/manager/reconcile_dcm.go:342.101,346.31 3 4
agirunner-container-manager/internal/manager/reconcile_dcm.go:346.31,347.29 1 4
agirunner-container-manager/internal/manager/reconcile_dcm.go:347.29,348.12 1 1
agirunner-container-manager/internal/manager/reconcile_dcm.go:350.3,351.22 2 3
agirunner-container-manager/internal/manager/reconcile_dcm.go:351.22,352.12 1 0
agirunner-container-manager/internal/manager/reconcile_dcm.go:354.3,354.64 1 3
agirunner-container-manager/internal/manager/reconcile_dcm.go:354.64,356.4 1 2
agirunner-container-manager/internal/manager/reconcile_dcm.go:358.3,364.70 3 3
agirunner-container-manager/internal/manager/reconcile_dcm.go:364.70,371.4 1 1
agirunner-container-manager/internal/manager/reconcile_dcm.go:374.2,374.15 1 4
agirunner-container-manager/internal/manager/reconcile_dcm.go:379.78,381.31 2 44
agirunner-container-manager/internal/manager/reconcile_dcm.go:381.31,382.52 1 81
agirunner-container-manager/internal/manager/reconcile_dcm.go:382.52,384.4 1 81
agirunner-container-manager/internal/manager/reconcile_dcm.go:386.2,386.42 1 44
agirunner-container-manager/internal/manager/reconcile_dcm.go:386.42,387.27 1 2
agirunner-container-manager/internal/manager/reconcile_dcm.go:387.27,389.4 1 1
agirunner-container-manager/internal/manager/reconcile_dcm.go:394.62,396.31 2 49
agirunner-container-manager/internal/manager/reconcile_dcm.go:396.31,397.29 1 88
agirunner-container-manager/internal/manager/reconcile_dcm.go:397.29,399.4 1 5
agirunner-container-manager/internal/manager/reconcile_dcm.go:401.2,401.14 1 49
agirunner-container-manager/internal/manager/reconcile_dcm.go:405.60,407.31 2 109
agirunner-container-manager/internal/manager/reconcile_dcm.go:407.31,408.30 1 141
agirunner-container-manager/internal/manager/reconcile_dcm.go:408.30,410.4 1 134
agirunner-container-manager/internal/manager/reconcile_dcm.go:412.2,412.14 1 109
agirunner-container-manager/internal/manager/reconcile_dcm.go:417.88,419.9 2 21
agirunner-container-manager/internal/manager/reconcile_dcm.go:419.9,421.3 1 6
agirunner-container-manager/internal/manager/reconcile_dcm.go:422.2,422.32 1 15
agirunner-container-manager/internal/manager/reconcile_dcm.go:426.90,428.16 2 155
agirunner-container-manager/internal/manager/reconcile_dcm.go:428.16,430.3 1 1
agirunner-container-manager/internal/manager/reconcile_dcm.go:431.2,431.85 1 154
agirunner-container-manager/internal/manager/reconcile_dcm.go:435.87,437.31 2 48
agirunner-container-manager/internal/manager/reconcile_dcm.go:437.31,440.3 2 85
agirunner-container-manager/internal/manager/reconcile_dcm.go:441.2,441.16 1 48
agirunner-container-manager/internal/manager/reconcile_dcm.go:445.82,447.31 2 156
agirunner-container-manager/internal/manager/reconcile_dcm.go:447.31,448.40 1 273
agirunner-container-manager/internal/manager/reconcile_dcm.go:448.40,450.4 1 268
agirunner-container-manager/internal/manager/reconcile_dcm.go:452.2,452.15 1 156
agirunner-container-manager/internal/manager/reconcile_dcm.go:456.70,457.39 1 273
agirunner-container-manager/internal/manager/reconcile_dcm.go:457.39,458.37 1 546
agirunner-container-manager/internal/manager/reconcile_dcm.go:458.37,460.4 1 5
agirunner-container-manager/internal/manager/reconcile_dcm.go:462.2,462.13 1 268
agirunner-container-manager/internal/manager/reconcile_dcm.go:480.17,491.2 5 54
agirunner-container-manager/internal/manager/reconcile_dcm.go:494.65,496.31 2 54
agirunner-container-manager/internal/manager/reconcile_dcm.go:496.31,498.3 1 9
agirunner-container-manager/internal/manager/reconcile_dcm.go:499.2,499.12 1 54
agirunner-container-manager/internal/manager/reconcile_dcm.go:503.87,505.31 2 54
agirunner-container-manager/internal/manager/reconcile_dcm.go:505.31,506.21 1 5
agirunner-container-manager/internal/manager/reconcile_dcm.go:506.21,508.4 1 5
agirunner-container-manager/internal/manager/reconcile_dcm.go:510.2,510.15 1 54
agirunner-container-manager/internal/manager/reconcile_dcm.go:514.75,515.30 1 56
agirunner-container-manager/internal/manager/reconcile_dcm.go:515.30,517.3 1 27
agirunner-container-manager/internal/manager/reconcile_dcm.go:518.2,519.40 2 29
agirunner-container-manager/internal/manager/reconcile_dcm.go:519.40,521.3 1 9
agirunner-container-manager/internal/manager/reconcile_dcm.go:522.2,523.36 2 29
agirunner-container-manager/internal/manager/reconcile_dcm.go:523.36,525.3 1 15
agirunner-container-manager/internal/manager/reconcile_dcm.go:526.2,526.18 1 29
agirunner-container-manager/internal/manager/reconcile_dcm.go:526.18,528.3 1 0
agirunner-container-manager/internal/manager/reconcile_dcm.go:529.2,529.17 1 29
agirunner-container-manager/internal/manager/reconcile_dcm.go:533.142,534.25 1 54
agirunner-container-manager/internal/manager/reconcile_dcm.go:535.14,536.60 1 47
agirunner-container-manager/internal/manager/reconcile_dcm.go:537.14,538.46 1 7
agirunner-container-manager/internal/manager/reconcile_dcm.go:539.10,540.13 1 0
agirunner-container-manager/internal/manager/reconcile_dcm.go:546.142,547.36 1 47
agirunner-container-manager/internal/manager/reconcile_dcm.go:547.36,549.3 1 3
agirunner-container-manager/internal/manager/reconcile_dcm.go:550.2,552.28 3 44
agirunner-container-manager/internal/manager/reconcile_dcm.go:552.28,553.29 1 40
agirunner-container-manager/internal/manager/reconcile_dcm.go:553.29,554.12 1 3
agirunner-container-manager/internal/manager/reconcile_dcm.go:556.3,557.81 2 37
agirunner-container-manager/internal/manager/reconcile_dcm.go:557.81,559.4 1 3
agirunner-container-manager/internal/manager/reconcile_dcm.go:561.2,561.16 1 44
agirunner-container-manager/internal/manager/reconcile_dcm.go:565.89,566.32 1 7
agirunner-container-manager/internal/manager/reconcile_dcm.go:566.32,568.3 1 5
agirunner-container-manager/internal/manager/reconcile_dcm.go:569.2,569.16 1 2
agirunner-container-manager/internal/manager/reconcile_dcm.go:576.135,578.9 2 45
agirunner-container-manager/internal/manager/reconcile_dcm.go:578.9,581.3 2 7
agirunner-container-manager/internal/manager/reconcile_dcm.go:582.2,582.24 1 38
agirunner-container-manager/internal/manager/reconcile_dcm.go:582.24,585.3 2 3
agirunner-container-manager/internal/manager/reconcile_dcm.go:586.2,586.52 1 35
agirunner-container-manager/internal/manager/reconcile_dcm.go:586.52,588.3 1 29
agirunner-container-manager/internal/manager/reconcile_dcm.go:589.2,589.85 1 35
agirunner-container-manager/internal/manager/reconcile_dcm.go:593.48,595.2 1 502
agirunner-container-manager/internal/manager/reconcile_dcm.go:598.84,600.28 2 54
agirunner-container-manager/internal/manager/reconcile_dcm.go:600.28,601.46 1 69
agirunner-container-manager/internal/manager/reconcile_dcm.go:601.46,603.4 1 9
agirunner-container-manager/internal/manager/reconcile_dcm.go:605.2,605.16 1 54
agirunner-container-manager/internal/manager/reconcile_dcm.go:618.7,621.36 2 54
agirunner-container-manager/internal/manager/reconcile_dcm.go:621.36,630.3 1 3
agirunner-container-manager/internal/manager/reconcile_dcm.go:631.2,641.35 6 54
agirunner-container-manager/internal/manager/reconcile_dcm.go:641.35,643.3 1 0
agirunner-container-manager/internal/manager/reconcile_dcm.go:645.2,646.18 2 54
agirunner-container-manager/internal/manager/reconcile_dcm.go:646.18,655.3 1 25
agirunner-container-manager/internal/manager/reconcile_dcm.go:656.2,657.14 2 54
agirunner-container-manager/internal/manager/starvation.go:14.3,18.33 3 48
agirunner-container-manager/internal/manager/starvation.go:18.33,22.46 3 54
agirunner-container-manager/internal/manager/starvation.go:22.46,23.68 1 25
agirunner-container-manager/internal/manager/starvation.go:23.68,25.5 1 24
agirunner-container-manager/internal/manager/starvation.go:26.4,26.12 1 25
agirunner-container-manager/internal/manager/starvation.go:29.3,29.47 1 29
agirunner-container-manager/internal/manager/starvation.go:32.2,32.65 1 48
agirunner-container-manager/internal/manager/starvation.go:40.3,41.31 1 49
agirunner-container-manager/internal/manager/starvation.go:41.31,42.22 1 27
agirunner-container-manager/internal/manager/starvation.go:42.22,44.4 1 1
agirunner-container-manager/internal/manager/starvation.go:50.53,52.9 2 13
agirunner-container-manager/internal/manager/starvation.go:52.9,54.3 1 5
agirunner-container-manager/internal/manager/starvation.go:55.2,55.61 1 8
agirunner-container-manager/internal/manager/starvation.go:64.112,69.25 4 8
agirunner-container-manager/internal/manager/starvation.go:69.25,70.41 1 12
agirunner-container-manager/internal/manager/starvation.go:70.41,76.4 2 2
agirunner-container-manager/internal/manager/starvation.go:79.2,79.39 1 8
agirunner-container-manager/internal/manager/starvation.go:83.49,85.28 2 8
agirunner-container-manager/internal/manager/starvation.go:85.28,86.23 1 15
agirunner-container-manager/internal/manager/starvation.go:86.23,88.4 1 9
agirunner-container-manager/internal/manager/starvation.go:90.2,90.12 1 8
agirunner-container-manager/internal/manager/warm_pool.go:13.98,15.16 2 50
agirunner-container-manager/internal/manager/warm_pool.go:15.16,18.3 2 1
agirunner-container-manager/internal/manager/warm_pool.go:19.2,19.55 1 49
agirunner-container-manager/internal/manager/warm_pool.go:29.3,33.33 3 58
agirunner-container-manager/internal/manager/warm_pool.go:33.33,36.3 2 65
agirunner-container-manager/internal/manager/warm_pool.go:38.2,38.73 1 58
agirunner-container-manager/internal/manager/warm_pool.go:48.3,52.23 3 65
agirunner-container-manager/internal/manager/warm_pool.go:52.23,55.3 2 7
agirunner-container-manager/internal/manager/warm_pool.go:57.2,57.23 1 58
agirunner-container-manager/internal/manager/warm_pool.go:57.23,59.3 1 2
agirunner-container-manager/internal/manager/warm_pool.go:64.57,65.31 1 70
agirunner-container-manager/internal/manager/warm_pool.go:65.31,67.3 1 49
agirunner-container-manager/internal/manager/warm_pool.go:68.2,68.28 1 21
agirunner-container-manager/internal/manager/warm_pool.go:68.28,70.3 1 7
agirunner-container-manager/internal/manager/warm_pool.go:71.2,71.30 1 14
agirunner-container-manager/internal/manager/warm_pool.go:71.30,73.3 1 4
agirunner-container-manager/internal/manager/warm_pool.go:74.2,74.28 1 10
agirunner-container-manager/internal/manager/warm_pool.go:79.98,80.16 1 8
agirunner-container-manager/internal/manager/warm_pool.go:80.16,82.3 1 0
agirunner-container-manager/internal/manager/warm_pool.go:84.2,84.85 1 8
agirunner-container-manager/internal/manager/warm_pool.go:84.85,88.3 2 0
agirunner-container-manager/internal/manager/warm_pool.go:90.2,90.29 1 8
agirunner-container-manager/internal/manager/warm_pool.go:90.29,93.17 3 13
agirunner-container-manager/internal/manager/warm_pool.go:93.17,96.12 2 0
agirunner-container-manager/internal/manager/warm_pool.go:98.3,106.5 3 13
agirunner-container-manager/internal/manager/warm_pool.go:111.80,124.2 3 13
agirunner-container-manager/internal/manager/warm_pool.go:127.66,136.2 1 13
agirunner-container-manager/internal/manager/warm_pool.go:144.3,145.60 1 2
agirunner-container-manager/internal/manager/warm_pool.go:145.60,151.3 3 4
agirunner-container-manager/internal/manager/warm_pool.go:155.85,157.31 2 58
agirunner-container-manager/internal/manager/warm_pool.go:157.31,158.30 1 98
agirunner-container-manager/internal/manager/warm_pool.go:158.30,159.12 1 86
agirunner-container-manager/internal/manager/warm_pool.go:161.3,162.47 2 12
agirunner-container-manager/internal/manager/warm_pool.go:164.2,164.16 1 58
agirunner-container-manager/internal/manager/warm_pool.go:168.48,172.2 1 101
agirunner-container-manager/internal/manager/warm_pool.go:180.3,181.49 1 58
agirunner-container-manager/internal/manager/warm_pool.go:181.49,182.30 1 7
agirunner-container-manager/internal/manager/warm_pool.go:182.30,183.12 1 6
agirunner-container-manager/internal/manager/warm_pool.go:185.3,185.32 1 1
agirunner-container-manager/internal/manager/warm_pool.go:185.32,190.4 3 2
